c:\users\jgiro\desktop\juan\uni\c++\algorithm_viewer\debug\vc142.pdb
c:\users\jgiro\desktop\juan\uni\c++\algorithm_viewer\debug\vc142.idb
c:\users\jgiro\desktop\juan\uni\c++\algorithm_viewer\debug\main.obj
c:\users\jgiro\desktop\juan\uni\c++\algorithm_viewer\debug\exception.obj
c:\users\jgiro\desktop\juan\uni\c++\algorithm_viewer\debug\bubblesort.obj
c:\users\jgiro\desktop\juan\uni\c++\algorithm_viewer\debug\hellowindowsdesktop.obj
c:\users\jgiro\desktop\juan\uni\c++\algorithm_viewer\debug\sorting.obj
c:\users\jgiro\desktop\juan\uni\c++\algorithm_viewer\debug\controller.obj
c:\users\jgiro\desktop\juan\uni\c++\algorithm_viewer\debug\simulation.obj
c:\users\jgiro\desktop\juan\uni\c++\algorithm_viewer\debug\actionlist.obj
c:\users\jgiro\desktop\juan\uni\c++\algorithm_viewer\debug\algorithm_viewer.pdb
c:\users\jgiro\desktop\juan\uni\c++\algorithm_viewer\debug\algorithm_viewer.tlog\cl.command.1.tlog
c:\users\jgiro\desktop\juan\uni\c++\algorithm_viewer\debug\algorithm_viewer.tlog\cl.read.1.tlog
c:\users\jgiro\desktop\juan\uni\c++\algorithm_viewer\debug\algorithm_viewer.tlog\cl.write.1.tlog
c:\users\jgiro\desktop\juan\uni\c++\algorithm_viewer\debug\algorithm_viewer.tlog\link-cvtres.read.1.tlog
c:\users\jgiro\desktop\juan\uni\c++\algorithm_viewer\debug\algorithm_viewer.tlog\link-cvtres.write.1.tlog
c:\users\jgiro\desktop\juan\uni\c++\algorithm_viewer\debug\algorithm_viewer.tlog\link-rc.read.1.tlog
c:\users\jgiro\desktop\juan\uni\c++\algorithm_viewer\debug\algorithm_viewer.tlog\link-rc.write.1.tlog
c:\users\jgiro\desktop\juan\uni\c++\algorithm_viewer\debug\algorithm_viewer.tlog\link.6960-cvtres.read.1.tlog
c:\users\jgiro\desktop\juan\uni\c++\algorithm_viewer\debug\algorithm_viewer.tlog\link.6960-cvtres.write.1.tlog
c:\users\jgiro\desktop\juan\uni\c++\algorithm_viewer\debug\algorithm_viewer.tlog\link.6960-rc.read.1.tlog
c:\users\jgiro\desktop\juan\uni\c++\algorithm_viewer\debug\algorithm_viewer.tlog\link.6960-rc.write.1.tlog
c:\users\jgiro\desktop\juan\uni\c++\algorithm_viewer\debug\algorithm_viewer.tlog\link.6960.read.1.tlog
c:\users\jgiro\desktop\juan\uni\c++\algorithm_viewer\debug\algorithm_viewer.tlog\link.6960.write.1.tlog
c:\users\jgiro\desktop\juan\uni\c++\algorithm_viewer\debug\algorithm_viewer.tlog\link.command.1.tlog
c:\users\jgiro\desktop\juan\uni\c++\algorithm_viewer\debug\algorithm_viewer.tlog\link.read.1.tlog
c:\users\jgiro\desktop\juan\uni\c++\algorithm_viewer\debug\algorithm_viewer.tlog\link.write.1.tlog
